[2025-09-30T01:22:23.369Z] Error processing https://www.health.com/condition/ibs (Attempt 1). Stack: Error: Article less than 200 words
    at htmlProcesser (file:///home/adem/cookpadScrapper/src/core/processer.js:159:33)
    at processUrl (file:///home/adem/cookpadScrapper/src/core/worker.js:50:27)
    at process.processTicksAndRejections (node:internal/process/task_queues:105:5)
    at async file:///home/adem/cookpadScrapper/src/core/worker.js:154:11
    at async Promise.allSettled (index 1)
    at async run (file:///home/adem/cookpadScrapper/src/core/worker.js:158:7)
[2025-09-30T01:22:23.388Z] Error processing https://www.health.com/insomnia-7488296 (Attempt 1). Stack: Error: Article less than 200 words
    at htmlProcesser (file:///home/adem/cookpadScrapper/src/core/processer.js:159:33)
    at processUrl (file:///home/adem/cookpadScrapper/src/core/worker.js:50:27)
    at process.processTicksAndRejections (node:internal/process/task_queues:105:5)
    at async file:///home/adem/cookpadScrapper/src/core/worker.js:154:11
    at async Promise.allSettled (index 0)
    at async run (file:///home/adem/cookpadScrapper/src/core/worker.js:158:7)
[2025-09-30T01:22:26.747Z] Error processing https://www.health.com/condition/melanoma (Attempt 1). Stack: Error: Article less than 200 words
    at htmlProcesser (file:///home/adem/cookpadScrapper/src/core/processer.js:159:33)
    at processUrl (file:///home/adem/cookpadScrapper/src/core/worker.js:50:27)
    at process.processTicksAndRejections (node:internal/process/task_queues:105:5)
    at async file:///home/adem/cookpadScrapper/src/core/worker.js:154:11
    at async Promise.allSettled (index 4)
    at async run (file:///home/adem/cookpadScrapper/src/core/worker.js:158:7)
[2025-09-30T01:22:26.851Z] Error processing https://www.health.com/menieres-disease-7564744 (Attempt 1). Stack: Error: Article less than 200 words
    at htmlProcesser (file:///home/adem/cookpadScrapper/src/core/processer.js:159:33)
    at processUrl (file:///home/adem/cookpadScrapper/src/core/worker.js:50:27)
    at process.processTicksAndRejections (node:internal/process/task_queues:105:5)
    at async file:///home/adem/cookpadScrapper/src/core/worker.js:154:11
    at async Promise.allSettled (index 2)
    at async run (file:///home/adem/cookpadScrapper/src/core/worker.js:158:7)
[2025-09-30T01:22:27.090Z] Error processing https://www.health.com/condition/malaria (Attempt 1). Stack: Error: Article less than 200 words
    at htmlProcesser (file:///home/adem/cookpadScrapper/src/core/processer.js:159:33)
    at processUrl (file:///home/adem/cookpadScrapper/src/core/worker.js:50:27)
    at process.processTicksAndRejections (node:internal/process/task_queues:105:5)
    at async file:///home/adem/cookpadScrapper/src/core/worker.js:154:11
    at async Promise.allSettled (index 1)
    at async run (file:///home/adem/cookpadScrapper/src/core/worker.js:158:7)
[2025-09-30T01:22:27.205Z] Error processing https://www.health.com/condition/meningitis (Attempt 1). Stack: Error: Article less than 200 words
    at htmlProcesser (file:///home/adem/cookpadScrapper/src/core/processer.js:159:33)
    at processUrl (file:///home/adem/cookpadScrapper/src/core/worker.js:50:27)
    at process.processTicksAndRejections (node:internal/process/task_queues:105:5)
    at async file:///home/adem/cookpadScrapper/src/core/worker.js:154:11
    at async Promise.allSettled (index 3)
    at async run (file:///home/adem/cookpadScrapper/src/core/worker.js:158:7)
[2025-09-30T01:22:27.447Z] Error processing https://www.health.com/condition/menopause (Attempt 1). Stack: Error: Article less than 200 words
    at htmlProcesser (file:///home/adem/cookpadScrapper/src/core/processer.js:159:33)
    at processUrl (file:///home/adem/cookpadScrapper/src/core/worker.js:50:27)
    at process.processTicksAndRejections (node:internal/process/task_queues:105:5)
    at async file:///home/adem/cookpadScrapper/src/core/worker.js:154:11
    at async Promise.allSettled (index 0)
    at async run (file:///home/adem/cookpadScrapper/src/core/worker.js:158:7)
[2025-09-30T01:22:27.662Z] Error processing https://www.health.com/condition/lupus (Attempt 1). Stack: Error: Article less than 200 words
    at htmlProcesser (file:///home/adem/cookpadScrapper/src/core/processer.js:159:33)
    at processUrl (file:///home/adem/cookpadScrapper/src/core/worker.js:50:27)
    at process.processTicksAndRejections (node:internal/process/task_queues:105:5)
    at async file:///home/adem/cookpadScrapper/src/core/worker.js:154:11
    at async Promise.allSettled (index 3)
    at async run (file:///home/adem/cookpadScrapper/src/core/worker.js:158:7)
[2025-09-30T01:22:27.718Z] Error processing https://www.health.com/condition/lyme-disease (Attempt 1). Stack: Error: Article less than 200 words
    at htmlProcesser (file:///home/adem/cookpadScrapper/src/core/processer.js:159:33)
    at processUrl (file:///home/adem/cookpadScrapper/src/core/worker.js:50:27)
    at process.processTicksAndRejections (node:internal/process/task_queues:105:5)
    at async file:///home/adem/cookpadScrapper/src/core/worker.js:154:11
    at async Promise.allSettled (index 1)
    at async run (file:///home/adem/cookpadScrapper/src/core/worker.js:158:7)
[2025-09-30T01:22:29.361Z] Error processing https://www.health.com/munchausen-syndrome-overview-7367675 (Attempt 1). Stack: Error: Article less than 200 words
    at htmlProcesser (file:///home/adem/cookpadScrapper/src/core/processer.js:159:33)
    at processUrl (file:///home/adem/cookpadScrapper/src/core/worker.js:50:27)
    at process.processTicksAndRejections (node:internal/process/task_queues:105:5)
    at async file:///home/adem/cookpadScrapper/src/core/worker.js:154:11
    at async Promise.allSettled (index 0)
    at async run (file:///home/adem/cookpadScrapper/src/core/worker.js:158:7)
[2025-09-30T01:22:29.726Z] Error processing https://www.health.com/condition/osteoarthritis (Attempt 1). Stack: Error: Article less than 200 words
    at htmlProcesser (file:///home/adem/cookpadScrapper/src/core/processer.js:159:33)
    at processUrl (file:///home/adem/cookpadScrapper/src/core/worker.js:50:27)
    at process.processTicksAndRejections (node:internal/process/task_queues:105:5)
    at async file:///home/adem/cookpadScrapper/src/core/worker.js:154:11
    at async Promise.allSettled (index 2)
    at async run (file:///home/adem/cookpadScrapper/src/core/worker.js:158:7)
[2025-09-30T01:22:29.908Z] Error processing https://www.health.com/condition/osteoporosis (Attempt 1). Stack: Error: Article less than 200 words
    at htmlProcesser (file:///home/adem/cookpadScrapper/src/core/processer.js:159:33)
    at processUrl (file:///home/adem/cookpadScrapper/src/core/worker.js:50:27)
    at process.processTicksAndRejections (node:internal/process/task_queues:105:5)
    at async file:///home/adem/cookpadScrapper/src/core/worker.js:154:11
    at async Promise.allSettled (index 3)
    at async run (file:///home/adem/cookpadScrapper/src/core/worker.js:158:7)
[2025-09-30T01:22:30.634Z] Error processing https://www.health.com/condition/narcolepsy (Attempt 1). Stack: Error: Article less than 200 words
    at htmlProcesser (file:///home/adem/cookpadScrapper/src/core/processer.js:159:33)
    at processUrl (file:///home/adem/cookpadScrapper/src/core/worker.js:50:27)
    at process.processTicksAndRejections (node:internal/process/task_queues:105:5)
    at async file:///home/adem/cookpadScrapper/src/core/worker.js:154:11
    at async Promise.allSettled (index 4)
    at async run (file:///home/adem/cookpadScrapper/src/core/worker.js:158:7)
[2025-09-30T01:22:30.770Z] Error processing https://www.health.com/condition/oral-health (Attempt 1). Stack: Error: Article less than 200 words
    at htmlProcesser (file:///home/adem/cookpadScrapper/src/core/processer.js:159:33)
    at processUrl (file:///home/adem/cookpadScrapper/src/core/worker.js:50:27)
    at process.processTicksAndRejections (node:internal/process/task_queues:105:5)
    at async file:///home/adem/cookpadScrapper/src/core/worker.js:154:11
    at async Promise.allSettled (index 1)
    at async run (file:///home/adem/cookpadScrapper/src/core/worker.js:158:7)
[2025-09-30T01:22:30.874Z] Error processing https://www.health.com/condition/obesity (Attempt 1). Stack: Error: Article less than 200 words
    at htmlProcesser (file:///home/adem/cookpadScrapper/src/core/processer.js:159:33)
    at processUrl (file:///home/adem/cookpadScrapper/src/core/worker.js:50:27)
    at process.processTicksAndRejections (node:internal/process/task_queues:105:5)
    at async file:///home/adem/cookpadScrapper/src/core/worker.js:154:11
    at async Promise.allSettled (index 0)
    at async run (file:///home/adem/cookpadScrapper/src/core/worker.js:158:7)
[2025-09-30T01:22:31.262Z] Error processing https://www.health.com/condition/ear-nose-throat (Attempt 1). Stack: Error: Article less than 200 words
    at htmlProcesser (file:///home/adem/cookpadScrapper/src/core/processer.js:159:33)
    at processUrl (file:///home/adem/cookpadScrapper/src/core/worker.js:50:27)
    at process.processTicksAndRejections (node:internal/process/task_queues:105:5)
    at async file:///home/adem/cookpadScrapper/src/core/worker.js:154:11
    at async Promise.allSettled (index 0)
    at async run (file:///home/adem/cookpadScrapper/src/core/worker.js:158:7)
[2025-09-30T01:22:32.442Z] Error processing https://www.health.com/condition/ovarian-cancer (Attempt 1). Stack: Error: Article less than 200 words
    at htmlProcesser (file:///home/adem/cookpadScrapper/src/core/processer.js:159:33)
    at processUrl (file:///home/adem/cookpadScrapper/src/core/worker.js:50:27)
    at process.processTicksAndRejections (node:internal/process/task_queues:105:5)
    at async file:///home/adem/cookpadScrapper/src/core/worker.js:154:11
    at async Promise.allSettled (index 2)
    at async run (file:///home/adem/cookpadScrapper/src/core/worker.js:158:7)
[2025-09-30T01:22:32.695Z] Error processing https://www.health.com/condition/pcos (Attempt 1). Stack: Error: Article less than 200 words
    at htmlProcesser (file:///home/adem/cookpadScrapper/src/core/processer.js:159:33)
    at processUrl (file:///home/adem/cookpadScrapper/src/core/worker.js:50:27)
    at process.processTicksAndRejections (node:internal/process/task_queues:105:5)
    at async file:///home/adem/cookpadScrapper/src/core/worker.js:154:11
    at async Promise.allSettled (index 4)
    at async run (file:///home/adem/cookpadScrapper/src/core/worker.js:158:7)
[2025-09-30T01:22:33.606Z] Error processing https://www.health.com/condition/chronic-pain (Attempt 1). Stack: Error: Article less than 200 words
    at htmlProcesser (file:///home/adem/cookpadScrapper/src/core/processer.js:159:33)
    at processUrl (file:///home/adem/cookpadScrapper/src/core/worker.js:50:27)
    at process.processTicksAndRejections (node:internal/process/task_queues:105:5)
    at async file:///home/adem/cookpadScrapper/src/core/worker.js:154:11
    at async Promise.allSettled (index 0)
    at async run (file:///home/adem/cookpadScrapper/src/core/worker.js:158:7)
[2025-09-30T01:22:34.906Z] Error processing https://www.health.com/condition/pms (Attempt 1). Stack: Error: Article less than 200 words
    at htmlProcesser (file:///home/adem/cookpadScrapper/src/core/processer.js:159:33)
    at processUrl (file:///home/adem/cookpadScrapper/src/core/worker.js:50:27)
    at process.processTicksAndRejections (node:internal/process/task_queues:105:5)
    at async file:///home/adem/cookpadScrapper/src/core/worker.js:154:11
    at async Promise.allSettled (index 1)
    at async run (file:///home/adem/cookpadScrapper/src/core/worker.js:158:7)
[2025-09-30T01:22:35.303Z] Error processing https://www.health.com/respiratory-syncytial-virus-8723764 (Attempt 1). Stack: Error: Article less than 200 words
    at htmlProcesser (file:///home/adem/cookpadScrapper/src/core/processer.js:159:33)
    at processUrl (file:///home/adem/cookpadScrapper/src/core/worker.js:50:27)
    at process.processTicksAndRejections (node:internal/process/task_queues:105:5)
    at async file:///home/adem/cookpadScrapper/src/core/worker.js:154:11
    at async Promise.allSettled (index 3)
    at async run (file:///home/adem/cookpadScrapper/src/core/worker.js:158:7)
[2025-09-30T01:22:35.643Z] Error processing https://www.health.com/condition/prostate-cancer (Attempt 1). Stack: Error: Article less than 200 words
    at htmlProcesser (file:///home/adem/cookpadScrapper/src/core/processer.js:159:33)
    at processUrl (file:///home/adem/cookpadScrapper/src/core/worker.js:50:27)
    at process.processTicksAndRejections (node:internal/process/task_queues:105:5)
    at async file:///home/adem/cookpadScrapper/src/core/worker.js:154:11
    at async Promise.allSettled (index 0)
    at async run (file:///home/adem/cookpadScrapper/src/core/worker.js:158:7)
[2025-09-30T01:22:36.013Z] Error processing https://www.health.com/condition/pneumonia (Attempt 1). Stack: Error: Article less than 200 words
    at htmlProcesser (file:///home/adem/cookpadScrapper/src/core/processer.js:159:33)
    at processUrl (file:///home/adem/cookpadScrapper/src/core/worker.js:50:27)
    at process.processTicksAndRejections (node:internal/process/task_queues:105:5)
    at async file:///home/adem/cookpadScrapper/src/core/worker.js:154:11
    at async Promise.allSettled (index 1)
    at async run (file:///home/adem/cookpadScrapper/src/core/worker.js:158:7)
[2025-09-30T01:22:36.081Z] Error processing https://www.health.com/condition/pregnancy (Attempt 1). Stack: Error: Article less than 200 words
    at htmlProcesser (file:///home/adem/cookpadScrapper/src/core/processer.js:159:33)
    at processUrl (file:///home/adem/cookpadScrapper/src/core/worker.js:50:27)
    at process.processTicksAndRejections (node:internal/process/task_queues:105:5)
    at async file:///home/adem/cookpadScrapper/src/core/worker.js:154:11
    at async Promise.allSettled (index 4)
    at async run (file:///home/adem/cookpadScrapper/src/core/worker.js:158:7)
[2025-09-30T01:22:36.098Z] Error processing https://www.health.com/condition/rare-disorders (Attempt 1). Stack: Error: Article less than 200 words
    at htmlProcesser (file:///home/adem/cookpadScrapper/src/core/processer.js:159:33)
    at processUrl (file:///home/adem/cookpadScrapper/src/core/worker.js:50:27)
    at process.processTicksAndRejections (node:internal/process/task_queues:105:5)
    at async file:///home/adem/cookpadScrapper/src/core/worker.js:154:11
    at async Promise.allSettled (index 2)
    at async run (file:///home/adem/cookpadScrapper/src/core/worker.js:158:7)
[2025-09-30T01:22:37.689Z] Error processing https://www.health.com/condition/rosacea (Attempt 1). Stack: Error: Article less than 200 words
    at htmlProcesser (file:///home/adem/cookpadScrapper/src/core/processer.js:159:33)
    at processUrl (file:///home/adem/cookpadScrapper/src/core/worker.js:50:27)
    at process.processTicksAndRejections (node:internal/process/task_queues:105:5)
    at async file:///home/adem/cookpadScrapper/src/core/worker.js:154:11
    at async Promise.allSettled (index 1)
    at async run (file:///home/adem/cookpadScrapper/src/core/worker.js:158:7)
[2025-09-30T01:22:37.735Z] Error processing https://www.health.com/sti-6951514 (Attempt 1). Stack: Error: Article less than 200 words
    at htmlProcesser (file:///home/adem/cookpadScrapper/src/core/processer.js:159:33)
    at processUrl (file:///home/adem/cookpadScrapper/src/core/worker.js:50:27)
    at process.processTicksAndRejections (node:internal/process/task_queues:105:5)
    at async file:///home/adem/cookpadScrapper/src/core/worker.js:154:11
    at async Promise.allSettled (index 0)
    at async run (file:///home/adem/cookpadScrapper/src/core/worker.js:158:7)
[2025-09-30T01:22:38.064Z] Error processing https://www.health.com/condition/shingles (Attempt 1). Stack: Error: Article less than 200 words
    at htmlProcesser (file:///home/adem/cookpadScrapper/src/core/processer.js:159:33)
    at processUrl (file:///home/adem/cookpadScrapper/src/core/worker.js:50:27)
    at process.processTicksAndRejections (node:internal/process/task_queues:105:5)
    at async file:///home/adem/cookpadScrapper/src/core/worker.js:154:11
    at async Promise.allSettled (index 1)
    at async run (file:///home/adem/cookpadScrapper/src/core/worker.js:158:7)
[2025-09-30T01:22:41.942Z] Error processing https://www.health.com/condition/skin-cancer (Attempt 1). Stack: Error: Article less than 200 words
    at htmlProcesser (file:///home/adem/cookpadScrapper/src/core/processer.js:159:33)
    at processUrl (file:///home/adem/cookpadScrapper/src/core/worker.js:50:27)
    at process.processTicksAndRejections (node:internal/process/task_queues:105:5)
    at async file:///home/adem/cookpadScrapper/src/core/worker.js:154:11
    at async Promise.allSettled (index 1)
    at async run (file:///home/adem/cookpadScrapper/src/core/worker.js:158:7)
[2025-09-30T01:22:43.135Z] Error processing https://www.health.com/condition/thyroid (Attempt 1). Stack: Error: Article less than 200 words
    at htmlProcesser (file:///home/adem/cookpadScrapper/src/core/processer.js:159:33)
    at processUrl (file:///home/adem/cookpadScrapper/src/core/worker.js:50:27)
    at process.processTicksAndRejections (node:internal/process/task_queues:105:5)
    at async file:///home/adem/cookpadScrapper/src/core/worker.js:154:11
    at async Promise.allSettled (index 2)
    at async run (file:///home/adem/cookpadScrapper/src/core/worker.js:158:7)
[2025-09-30T01:22:44.033Z] Error processing https://www.health.com/condition/uterine-cancer (Attempt 1). Stack: Error: Article less than 200 words
    at htmlProcesser (file:///home/adem/cookpadScrapper/src/core/processer.js:159:33)
    at processUrl (file:///home/adem/cookpadScrapper/src/core/worker.js:50:27)
    at process.processTicksAndRejections (node:internal/process/task_queues:105:5)
    at async file:///home/adem/cookpadScrapper/src/core/worker.js:154:11
    at async Promise.allSettled (index 2)
    at async run (file:///home/adem/cookpadScrapper/src/core/worker.js:158:7)
[2025-09-30T01:22:44.351Z] Error processing https://www.health.com/condition/uti (Attempt 1). Stack: Error: Article less than 200 words
    at htmlProcesser (file:///home/adem/cookpadScrapper/src/core/processer.js:159:33)
    at processUrl (file:///home/adem/cookpadScrapper/src/core/worker.js:50:27)
    at process.processTicksAndRejections (node:internal/process/task_queues:105:5)
    at async file:///home/adem/cookpadScrapper/src/core/worker.js:154:11
    at async Promise.allSettled (index 0)
    at async run (file:///home/adem/cookpadScrapper/src/core/worker.js:158:7)
[2025-09-30T01:22:44.916Z] Error processing https://www.health.com/condition/vaccines (Attempt 1). Stack: Error: Article less than 200 words
    at htmlProcesser (file:///home/adem/cookpadScrapper/src/core/processer.js:159:33)
    at processUrl (file:///home/adem/cookpadScrapper/src/core/worker.js:50:27)
    at process.processTicksAndRejections (node:internal/process/task_queues:105:5)
    at async file:///home/adem/cookpadScrapper/src/core/worker.js:154:11
    at async Promise.allSettled (index 3)
    at async run (file:///home/adem/cookpadScrapper/src/core/worker.js:158:7)
[2025-09-30T01:22:46.247Z] Error processing https://www.health.com/vertigo-5248851 (Attempt 1). Stack: Error: Article less than 200 words
    at htmlProcesser (file:///home/adem/cookpadScrapper/src/core/processer.js:159:33)
    at processUrl (file:///home/adem/cookpadScrapper/src/core/worker.js:50:27)
    at process.processTicksAndRejections (node:internal/process/task_queues:105:5)
    at async file:///home/adem/cookpadScrapper/src/core/worker.js:154:11
    at async Promise.allSettled (index 1)
    at async run (file:///home/adem/cookpadScrapper/src/core/worker.js:158:7)
[2025-09-30T01:22:46.288Z] Error processing https://www.health.com/condition/vitiligo (Attempt 1). Stack: Error: Article less than 200 words
    at htmlProcesser (file:///home/adem/cookpadScrapper/src/core/processer.js:159:33)
    at processUrl (file:///home/adem/cookpadScrapper/src/core/worker.js:50:27)
    at process.processTicksAndRejections (node:internal/process/task_queues:105:5)
    at async file:///home/adem/cookpadScrapper/src/core/worker.js:154:11
    at async Promise.allSettled (index 0)
    at async run (file:///home/adem/cookpadScrapper/src/core/worker.js:158:7)
[2025-09-30T01:22:46.899Z] Error processing https://www.health.com/condition/yeast-infection (Attempt 1). Stack: Error: Article less than 200 words
    at htmlProcesser (file:///home/adem/cookpadScrapper/src/core/processer.js:159:33)
    at processUrl (file:///home/adem/cookpadScrapper/src/core/worker.js:50:27)
    at process.processTicksAndRejections (node:internal/process/task_queues:105:5)
    at async file:///home/adem/cookpadScrapper/src/core/worker.js:154:11
    at async Promise.allSettled (index 1)
    at async run (file:///home/adem/cookpadScrapper/src/core/worker.js:158:7)
[2025-09-30T01:30:54.017Z] Error processing https://www.health.com/mind-body/self-care (Attempt 1). Stack: Error: Article less than 200 words
    at htmlProcesser (file:///home/adem/cookpadScrapper/src/core/processer.js:159:33)
    at processUrl (file:///home/adem/cookpadScrapper/src/core/worker.js:50:27)
    at process.processTicksAndRejections (node:internal/process/task_queues:105:5)
    at async file:///home/adem/cookpadScrapper/src/core/worker.js:173:11
    at async Promise.allSettled (index 3)
    at async run (file:///home/adem/cookpadScrapper/src/core/worker.js:177:7)
[2025-09-30T01:30:54.051Z] Error processing https://www.health.com/therapy-6951508 (Attempt 1). Stack: Error: Article less than 200 words
    at htmlProcesser (file:///home/adem/cookpadScrapper/src/core/processer.js:159:33)
    at processUrl (file:///home/adem/cookpadScrapper/src/core/worker.js:50:27)
    at process.processTicksAndRejections (node:internal/process/task_queues:105:5)
    at async file:///home/adem/cookpadScrapper/src/core/worker.js:173:11
    at async Promise.allSettled (index 4)
    at async run (file:///home/adem/cookpadScrapper/src/core/worker.js:177:7)
[2025-09-30T01:30:54.407Z] Error processing https://www.health.com/condition/stress (Attempt 1). Stack: Error: Article less than 200 words
    at htmlProcesser (file:///home/adem/cookpadScrapper/src/core/processer.js:159:33)
    at processUrl (file:///home/adem/cookpadScrapper/src/core/worker.js:50:27)
    at process.processTicksAndRejections (node:internal/process/task_queues:105:5)
    at async file:///home/adem/cookpadScrapper/src/core/worker.js:173:11
    at async Promise.allSettled (index 1)
    at async run (file:///home/adem/cookpadScrapper/src/core/worker.js:177:7)
[2025-09-30T01:30:55.185Z] Error processing https://www.health.com/social-and-public-health-6951507 (Attempt 1). Stack: Error: Article less than 200 words
    at htmlProcesser (file:///home/adem/cookpadScrapper/src/core/processer.js:159:33)
    at processUrl (file:///home/adem/cookpadScrapper/src/core/worker.js:50:27)
    at process.processTicksAndRejections (node:internal/process/task_queues:105:5)
    at async file:///home/adem/cookpadScrapper/src/core/worker.js:173:11
    at async Promise.allSettled (index 0)
    at async run (file:///home/adem/cookpadScrapper/src/core/worker.js:177:7)
[2025-09-30T01:31:04.364Z] Error processing https://www.health.com/cardiovascular-disorders-6951505 (Attempt 1). Stack: Error: Article less than 200 words
    at htmlProcesser (file:///home/adem/cookpadScrapper/src/core/processer.js:159:33)
    at processUrl (file:///home/adem/cookpadScrapper/src/core/worker.js:50:27)
    at process.processTicksAndRejections (node:internal/process/task_queues:105:5)
    at async file:///home/adem/cookpadScrapper/src/core/worker.js:173:11
    at async Promise.allSettled (index 0)
    at async run (file:///home/adem/cookpadScrapper/src/core/worker.js:177:7)
